<<<<<<< HEAD
=======
Commands - Truong NGuyen 
-----------------
Section A -Tasks:
-----------------
1) mkdir a1
   cd a1

2) pwd

3) id

4) ls /proc/ | grep mem
   ls /proc/ | grep cp

5) head /proc/meminfo

6) 
head /proc/cpuinfo
tail /proc/cpuinfo
cat /proc/cpuinfo

7)
cat /etc/os-release

8)
grep '2019-05-12' 2019-05.csv | awk -F, 'NR > 1 {sum+=$17; count++} END {print sum/count}'

9)
grep '2019-05-12' 2019-05.csv | awk -F',' 'NR > 1 {if ($17 > max) max = $17} END {print max}'

10)
awk -F',' 'NR > 1 && $4 >= 3 {print $9}' 2019-05.csv | sort | uniq -c | sort -nr | head -n 10

   
>>>>>>> 9f50c2b (updated)
